0	1	0	0	0	cloudy1.jpg
1	1	0	0	0	cloudy100.jpg
2	1	0	0	0	cloudy102.jpg
3	1	0	0	0	cloudy103.jpg
4	1	0	0	0	cloudy104.jpg
5	1	0	0	0	cloudy105.jpg
6	1	0	0	0	cloudy107.jpg
7	1	0	0	0	cloudy108.jpg
8	1	0	0	0	cloudy109.jpg
9	1	0	0	0	cloudy11.jpg
10	1	0	0	0	cloudy110.jpg
11	1	0	0	0	cloudy111.jpg
12	1	0	0	0	cloudy112.jpg
13	1	0	0	0	cloudy113.jpg
14	1	0	0	0	cloudy114.jpg
15	1	0	0	0	cloudy115.jpg
16	1	0	0	0	cloudy116.jpg
17	1	0	0	0	cloudy118.jpg
18	1	0	0	0	cloudy119.jpg
19	1	0	0	0	cloudy12.jpg
20	1	0	0	0	cloudy120.jpg
21	1	0	0	0	cloudy121.jpg
22	1	0	0	0	cloudy122.jpg
23	1	0	0	0	cloudy123.jpg
24	1	0	0	0	cloudy125.jpg
25	1	0	0	0	cloudy126.jpg
26	1	0	0	0	cloudy127.jpg
27	1	0	0	0	cloudy128.jpg
28	1	0	0	0	cloudy129.jpg
29	1	0	0	0	cloudy13.jpg
30	1	0	0	0	cloudy130.jpg
31	1	0	0	0	cloudy131.jpg
32	1	0	0	0	cloudy132.jpg
33	1	0	0	0	cloudy133.jpg
34	1	0	0	0	cloudy134.jpg
35	1	0	0	0	cloudy135.jpg
36	1	0	0	0	cloudy137.jpg
37	1	0	0	0	cloudy138.jpg
38	1	0	0	0	cloudy139.jpg
39	1	0	0	0	cloudy14.jpg
40	1	0	0	0	cloudy140.jpg
41	1	0	0	0	cloudy141.jpg
42	1	0	0	0	cloudy142.jpg
43	1	0	0	0	cloudy143.jpg
44	1	0	0	0	cloudy145.jpg
45	1	0	0	0	cloudy146.jpg
46	1	0	0	0	cloudy147.jpg
47	1	0	0	0	cloudy148.jpg
48	1	0	0	0	cloudy149.jpg
49	1	0	0	0	cloudy15.jpg
50	1	0	0	0	cloudy150.jpg
51	1	0	0	0	cloudy151.jpg
52	1	0	0	0	cloudy152.jpg
53	1	0	0	0	cloudy153.jpg
54	1	0	0	0	cloudy155.jpg
55	1	0	0	0	cloudy157.jpg
56	1	0	0	0	cloudy16.jpg
57	1	0	0	0	cloudy160.jpg
58	1	0	0	0	cloudy161.jpg
59	1	0	0	0	cloudy162.jpg
60	1	0	0	0	cloudy164.jpg
61	1	0	0	0	cloudy165.jpg
62	1	0	0	0	cloudy166.jpg
63	1	0	0	0	cloudy168.jpg
64	1	0	0	0	cloudy171.jpg
65	1	0	0	0	cloudy172.jpg
66	1	0	0	0	cloudy174.jpg
67	1	0	0	0	cloudy175.jpg
68	1	0	0	0	cloudy176.jpg
69	1	0	0	0	cloudy177.jpg
70	1	0	0	0	cloudy178.jpg
71	1	0	0	0	cloudy179.jpg
72	1	0	0	0	cloudy18.jpg
73	1	0	0	0	cloudy180.jpg
74	1	0	0	0	cloudy181.jpg
75	1	0	0	0	cloudy182.jpg
76	1	0	0	0	cloudy183.jpg
77	1	0	0	0	cloudy184.jpg
78	1	0	0	0	cloudy186.jpg
79	1	0	0	0	cloudy187.jpg
80	1	0	0	0	cloudy188.jpg
81	1	0	0	0	cloudy19.jpg
82	1	0	0	0	cloudy190.jpg
83	1	0	0	0	cloudy191.jpg
84	1	0	0	0	cloudy192.jpg
85	1	0	0	0	cloudy194.jpg
86	1	0	0	0	cloudy195.jpg
87	1	0	0	0	cloudy196.jpg
88	1	0	0	0	cloudy197.jpg
89	1	0	0	0	cloudy198.jpg
90	1	0	0	0	cloudy200.jpg
91	1	0	0	0	cloudy201.jpg
92	1	0	0	0	cloudy202.jpg
93	1	0	0	0	cloudy204.jpg
94	1	0	0	0	cloudy205.jpg
95	1	0	0	0	cloudy207.jpg
96	1	0	0	0	cloudy208.jpg
97	1	0	0	0	cloudy209.jpg
98	1	0	0	0	cloudy21.jpg
99	1	0	0	0	cloudy210.jpg
100	1	0	0	0	cloudy211.jpg
101	1	0	0	0	cloudy212.jpg
102	1	0	0	0	cloudy213.jpg
103	1	0	0	0	cloudy214.jpg
104	1	0	0	0	cloudy215.jpg
105	1	0	0	0	cloudy216.jpg
106	1	0	0	0	cloudy217.jpg
107	1	0	0	0	cloudy218.jpg
108	1	0	0	0	cloudy219.jpg
109	1	0	0	0	cloudy220.jpg
110	1	0	0	0	cloudy222.jpg
111	1	0	0	0	cloudy223.jpg
112	1	0	0	0	cloudy225.jpg
113	1	0	0	0	cloudy226.jpg
114	1	0	0	0	cloudy227.jpg
115	1	0	0	0	cloudy228.jpg
116	1	0	0	0	cloudy229.jpg
117	1	0	0	0	cloudy23.jpg
118	1	0	0	0	cloudy230.jpg
119	1	0	0	0	cloudy232.jpg
120	1	0	0	0	cloudy233.jpg
121	1	0	0	0	cloudy235.jpg
122	1	0	0	0	cloudy236.jpg
123	1	0	0	0	cloudy237.jpg
124	1	0	0	0	cloudy238.jpg
125	1	0	0	0	cloudy239.jpg
126	1	0	0	0	cloudy24.jpg
127	1	0	0	0	cloudy240.jpg
128	1	0	0	0	cloudy241.jpg
129	1	0	0	0	cloudy243.jpg
130	1	0	0	0	cloudy245.jpg
131	1	0	0	0	cloudy246.jpg
132	1	0	0	0	cloudy247.jpg
133	1	0	0	0	cloudy249.jpg
134	1	0	0	0	cloudy25.jpg
135	1	0	0	0	cloudy250.jpg
136	1	0	0	0	cloudy251.jpg
137	1	0	0	0	cloudy252.jpg
138	1	0	0	0	cloudy253.jpg
139	1	0	0	0	cloudy254.jpg
140	1	0	0	0	cloudy255.jpg
141	1	0	0	0	cloudy256.jpg
142	1	0	0	0	cloudy257.jpg
143	1	0	0	0	cloudy258.jpg
144	1	0	0	0	cloudy26.jpg
145	1	0	0	0	cloudy260.jpg
146	1	0	0	0	cloudy261.jpg
147	1	0	0	0	cloudy262.jpg
148	1	0	0	0	cloudy263.jpg
149	1	0	0	0	cloudy264.jpg
150	1	0	0	0	cloudy265.jpg
151	1	0	0	0	cloudy266.jpg
152	1	0	0	0	cloudy267.jpg
153	1	0	0	0	cloudy269.jpg
154	1	0	0	0	cloudy27.jpg
155	1	0	0	0	cloudy270.jpg
156	1	0	0	0	cloudy271.jpg
157	1	0	0	0	cloudy272.jpg
158	1	0	0	0	cloudy273.jpg
159	1	0	0	0	cloudy274.jpg
160	1	0	0	0	cloudy275.jpg
161	1	0	0	0	cloudy276.jpg
162	1	0	0	0	cloudy277.jpg
163	1	0	0	0	cloudy279.jpg
164	1	0	0	0	cloudy280.jpg
165	1	0	0	0	cloudy281.jpg
166	1	0	0	0	cloudy282.jpg
167	1	0	0	0	cloudy283.jpg
168	1	0	0	0	cloudy285.jpg
169	1	0	0	0	cloudy287.jpg
170	1	0	0	0	cloudy288.jpg
171	1	0	0	0	cloudy289.jpg
172	1	0	0	0	cloudy29.jpg
173	1	0	0	0	cloudy290.jpg
174	1	0	0	0	cloudy291.jpg
175	1	0	0	0	cloudy292.jpg
176	1	0	0	0	cloudy293.jpg
177	1	0	0	0	cloudy294.jpg
178	1	0	0	0	cloudy296.jpg
179	1	0	0	0	cloudy297.jpg
180	1	0	0	0	cloudy298.jpg
181	1	0	0	0	cloudy299.jpg
182	1	0	0	0	cloudy3.jpg
183	1	0	0	0	cloudy30.jpg
184	1	0	0	0	cloudy300.jpg
185	1	0	0	0	cloudy31.jpg
186	1	0	0	0	cloudy32.jpg
187	1	0	0	0	cloudy33.jpg
188	1	0	0	0	cloudy34.jpg
189	1	0	0	0	cloudy35.jpg
190	1	0	0	0	cloudy36.jpg
191	1	0	0	0	cloudy37.jpg
192	1	0	0	0	cloudy38.jpg
193	1	0	0	0	cloudy39.jpg
194	1	0	0	0	cloudy4.jpg
195	1	0	0	0	cloudy40.jpg
196	1	0	0	0	cloudy41.jpg
197	1	0	0	0	cloudy43.jpg
198	1	0	0	0	cloudy44.jpg
199	1	0	0	0	cloudy46.jpg
200	1	0	0	0	cloudy47.jpg
201	1	0	0	0	cloudy48.jpg
202	1	0	0	0	cloudy49.jpg
203	1	0	0	0	cloudy50.jpg
204	1	0	0	0	cloudy51.jpg
205	1	0	0	0	cloudy52.jpg
206	1	0	0	0	cloudy53.jpg
207	1	0	0	0	cloudy54.jpg
208	1	0	0	0	cloudy55.jpg
209	1	0	0	0	cloudy57.jpg
210	1	0	0	0	cloudy58.jpg
211	1	0	0	0	cloudy59.jpg
212	1	0	0	0	cloudy6.jpg
213	1	0	0	0	cloudy60.jpg
214	1	0	0	0	cloudy62.jpg
215	1	0	0	0	cloudy63.jpg
216	1	0	0	0	cloudy64.jpg
217	1	0	0	0	cloudy65.jpg
218	1	0	0	0	cloudy66.jpg
219	1	0	0	0	cloudy67.jpg
220	1	0	0	0	cloudy68.jpg
221	1	0	0	0	cloudy69.jpg
222	1	0	0	0	cloudy7.jpg
223	1	0	0	0	cloudy70.jpg
224	1	0	0	0	cloudy71.jpg
225	1	0	0	0	cloudy72.jpg
226	1	0	0	0	cloudy73.jpg
227	1	0	0	0	cloudy74.jpg
228	1	0	0	0	cloudy75.jpg
229	1	0	0	0	cloudy76.jpg
230	1	0	0	0	cloudy77.jpg
231	1	0	0	0	cloudy78.jpg
232	1	0	0	0	cloudy79.jpg
233	1	0	0	0	cloudy8.jpg
234	1	0	0	0	cloudy80.jpg
235	1	0	0	0	cloudy81.jpg
236	1	0	0	0	cloudy82.jpg
237	1	0	0	0	cloudy84.jpg
238	1	0	0	0	cloudy86.jpg
239	1	0	0	0	cloudy87.jpg
240	1	0	0	0	cloudy88.jpg
241	1	0	0	0	cloudy89.jpg
242	1	0	0	0	cloudy9.jpg
243	1	0	0	0	cloudy90.jpg
244	1	0	0	0	cloudy91.jpg
245	1	0	0	0	cloudy92.jpg
246	1	0	0	0	cloudy95.jpg
247	1	0	0	0	cloudy96.jpg
248	1	0	0	0	cloudy98.jpg
249	1	0	0	0	cloudy99.jpg
250	0	1	0	0	rain10.jpg
251	0	1	0	0	rain102.jpg
252	0	1	0	0	rain103.jpg
253	0	1	0	0	rain104.jpg
254	0	1	0	0	rain105.jpg
255	0	1	0	0	rain106.jpg
256	0	1	0	0	rain107.jpg
257	0	1	0	0	rain108.jpg
258	0	1	0	0	rain109.jpg
259	0	1	0	0	rain111.jpg
260	0	1	0	0	rain114.jpg
261	0	1	0	0	rain116.jpg
262	0	1	0	0	rain118.jpg
263	0	1	0	0	rain119.jpg
264	0	1	0	0	rain120.jpg
265	0	1	0	0	rain121.jpg
266	0	1	0	0	rain122.jpg
267	0	1	0	0	rain123.jpg
268	0	1	0	0	rain124.jpg
269	0	1	0	0	rain125.jpg
270	0	1	0	0	rain126.jpg
271	0	1	0	0	rain127.jpg
272	0	1	0	0	rain128.jpg
273	0	1	0	0	rain129.jpg
274	0	1	0	0	rain130.jpg
275	0	1	0	0	rain132.jpg
276	0	1	0	0	rain133.jpg
277	0	1	0	0	rain135.jpg
278	0	1	0	0	rain136.jpg
279	0	1	0	0	rain137.jpg
280	0	1	0	0	rain138.jpg
281	0	1	0	0	rain139.jpg
282	0	1	0	0	rain14.jpg
283	0	1	0	0	rain140.jpg
284	0	1	0	0	rain142.jpg
285	0	1	0	0	rain144.jpg
286	0	1	0	0	rain145.jpg
287	0	1	0	0	rain146.jpg
288	0	1	0	0	rain147.jpg
289	0	1	0	0	rain148.jpg
290	0	1	0	0	rain149.jpg
291	0	1	0	0	rain150.jpg
292	0	1	0	0	rain151.jpg
293	0	1	0	0	rain152.jpg
294	0	1	0	0	rain153.jpg
295	0	1	0	0	rain154.jpg
296	0	1	0	0	rain155.jpg
297	0	1	0	0	rain156.jpg
298	0	1	0	0	rain157.jpg
299	0	1	0	0	rain158.jpg
300	0	1	0	0	rain16.jpg
301	0	1	0	0	rain160.jpg
302	0	1	0	0	rain162.jpg
303	0	1	0	0	rain164.jpg
304	0	1	0	0	rain165.jpg
305	0	1	0	0	rain167.jpg
306	0	1	0	0	rain168.jpg
307	0	1	0	0	rain169.jpg
308	0	1	0	0	rain17.jpg
309	0	1	0	0	rain170.jpg
310	0	1	0	0	rain171.jpg
311	0	1	0	0	rain172.jpg
312	0	1	0	0	rain173.jpg
313	0	1	0	0	rain174.jpg
314	0	1	0	0	rain175.jpg
315	0	1	0	0	rain176.jpg
316	0	1	0	0	rain177.jpg
317	0	1	0	0	rain178.jpg
318	0	1	0	0	rain179.jpg
319	0	1	0	0	rain18.jpg
320	0	1	0	0	rain180.jpg
321	0	1	0	0	rain182.jpg
322	0	1	0	0	rain183.jpg
323	0	1	0	0	rain184.jpg
324	0	1	0	0	rain185.jpg
325	0	1	0	0	rain186.jpg
326	0	1	0	0	rain187.jpg
327	0	1	0	0	rain19.jpg
328	0	1	0	0	rain190.jpg
329	0	1	0	0	rain191.jpg
330	0	1	0	0	rain192.jpg
331	0	1	0	0	rain193.jpg
332	0	1	0	0	rain194.jpg
333	0	1	0	0	rain195.jpg
334	0	1	0	0	rain197.jpg
335	0	1	0	0	rain198.jpg
336	0	1	0	0	rain199.jpg
337	0	1	0	0	rain2.jpg
338	0	1	0	0	rain20.jpg
339	0	1	0	0	rain201.jpg
340	0	1	0	0	rain202.jpg
341	0	1	0	0	rain203.jpg
342	0	1	0	0	rain207.jpg
343	0	1	0	0	rain208.jpg
344	0	1	0	0	rain209.jpg
345	0	1	0	0	rain21.jpg
346	0	1	0	0	rain210.jpg
347	0	1	0	0	rain211.jpg
348	0	1	0	0	rain212.jpg
349	0	1	0	0	rain213.jpg
350	0	1	0	0	rain214.jpg
351	0	1	0	0	rain215.jpg
352	0	1	0	0	rain25.jpg
353	0	1	0	0	rain26.jpg
354	0	1	0	0	rain27.jpg
355	0	1	0	0	rain28.jpg
356	0	1	0	0	rain29.jpg
357	0	1	0	0	rain3.jpg
358	0	1	0	0	rain30.jpg
359	0	1	0	0	rain32.jpg
360	0	1	0	0	rain34.jpg
361	0	1	0	0	rain35.jpg
362	0	1	0	0	rain36.jpg
363	0	1	0	0	rain37.jpg
364	0	1	0	0	rain38.jpg
365	0	1	0	0	rain39.jpg
366	0	1	0	0	rain40.jpg
367	0	1	0	0	rain41.jpg
368	0	1	0	0	rain42.jpg
369	0	1	0	0	rain44.jpg
370	0	1	0	0	rain45.jpg
371	0	1	0	0	rain47.jpg
372	0	1	0	0	rain48.jpg
373	0	1	0	0	rain49.jpg
374	0	1	0	0	rain5.jpg
375	0	1	0	0	rain50.jpg
376	0	1	0	0	rain51.jpg
377	0	1	0	0	rain52.jpg
378	0	1	0	0	rain53.jpg
379	0	1	0	0	rain54.jpg
380	0	1	0	0	rain55.jpg
381	0	1	0	0	rain56.jpg
382	0	1	0	0	rain57.jpg
383	0	1	0	0	rain58.jpg
384	0	1	0	0	rain59.jpg
385	0	1	0	0	rain6.jpg
386	0	1	0	0	rain60.jpg
387	0	1	0	0	rain62.jpg
388	0	1	0	0	rain63.jpg
389	0	1	0	0	rain64.jpg
390	0	1	0	0	rain66.jpg
391	0	1	0	0	rain67.jpg
392	0	1	0	0	rain68.jpg
393	0	1	0	0	rain7.jpg
394	0	1	0	0	rain70.jpg
395	0	1	0	0	rain71.jpg
396	0	1	0	0	rain72.jpg
397	0	1	0	0	rain73.jpg
398	0	1	0	0	rain75.jpg
399	0	1	0	0	rain76.jpg
400	0	1	0	0	rain77.jpg
401	0	1	0	0	rain8.jpg
402	0	1	0	0	rain80.jpg
403	0	1	0	0	rain81.jpg
404	0	1	0	0	rain82.jpg
405	0	1	0	0	rain83.jpg
406	0	1	0	0	rain85.jpg
407	0	1	0	0	rain87.jpg
408	0	1	0	0	rain88.jpg
409	0	1	0	0	rain89.jpg
410	0	1	0	0	rain9.jpg
411	0	1	0	0	rain90.jpg
412	0	1	0	0	rain91.jpg
413	0	1	0	0	rain92.jpg
414	0	1	0	0	rain93.jpg
415	0	1	0	0	rain94.jpg
416	0	1	0	0	rain95.jpg
417	0	1	0	0	rain96.jpg
418	0	1	0	0	rain99.jpg
419	0	0	1	0	shine1.jpg
420	0	0	1	0	shine10.jpg
421	0	0	1	0	shine100.jpg
422	0	0	1	0	shine102.jpg
423	0	0	1	0	shine103.jpg
424	0	0	1	0	shine104.jpg
425	0	0	1	0	shine105.jpg
426	0	0	1	0	shine107.jpg
427	0	0	1	0	shine108.jpg
428	0	0	1	0	shine11.jpg
429	0	0	1	0	shine110.jpg
430	0	0	1	0	shine111.jpg
431	0	0	1	0	shine112.jpg
432	0	0	1	0	shine113.jpg
433	0	0	1	0	shine114.jpg
434	0	0	1	0	shine115.jpg
435	0	0	1	0	shine116.jpg
436	0	0	1	0	shine117.jpg
437	0	0	1	0	shine118.jpg
438	0	0	1	0	shine12.jpg
439	0	0	1	0	shine120.jpg
440	0	0	1	0	shine122.jpg
441	0	0	1	0	shine123.jpg
442	0	0	1	0	shine124.jpg
443	0	0	1	0	shine125.jpg
444	0	0	1	0	shine126.jpg
445	0	0	1	0	shine128.jpg
446	0	0	1	0	shine129.jpg
447	0	0	1	0	shine132.jpg
448	0	0	1	0	shine133.jpg
449	0	0	1	0	shine135.jpg
450	0	0	1	0	shine136.jpg
451	0	0	1	0	shine137.jpg
452	0	0	1	0	shine138.jpg
453	0	0	1	0	shine139.jpg
454	0	0	1	0	shine141.jpg
455	0	0	1	0	shine142.jpg
456	0	0	1	0	shine143.jpg
457	0	0	1	0	shine144.jpg
458	0	0	1	0	shine145.jpg
459	0	0	1	0	shine147.jpg
460	0	0	1	0	shine148.jpg
461	0	0	1	0	shine149.jpg
462	0	0	1	0	shine15.jpg
463	0	0	1	0	shine151.jpg
464	0	0	1	0	shine152.jpg
465	0	0	1	0	shine153.jpg
466	0	0	1	0	shine154.jpg
467	0	0	1	0	shine155.jpg
468	0	0	1	0	shine156.jpg
469	0	0	1	0	shine158.jpg
470	0	0	1	0	shine16.jpg
471	0	0	1	0	shine160.jpg
472	0	0	1	0	shine161.jpg
473	0	0	1	0	shine162.jpg
474	0	0	1	0	shine166.jpg
475	0	0	1	0	shine167.jpg
476	0	0	1	0	shine168.jpg
477	0	0	1	0	shine17.jpg
478	0	0	1	0	shine170.jpg
479	0	0	1	0	shine171.jpg
480	0	0	1	0	shine172.jpg
481	0	0	1	0	shine174.jpg
482	0	0	1	0	shine176.jpg
483	0	0	1	0	shine177.jpg
484	0	0	1	0	shine178.jpg
485	0	0	1	0	shine179.jpg
486	0	0	1	0	shine18.jpg
487	0	0	1	0	shine180.jpg
488	0	0	1	0	shine181.jpg
489	0	0	1	0	shine182.jpg
490	0	0	1	0	shine184.jpg
491	0	0	1	0	shine185.jpg
492	0	0	1	0	shine187.jpg
493	0	0	1	0	shine188.jpg
494	0	0	1	0	shine189.jpg
495	0	0	1	0	shine19.jpg
496	0	0	1	0	shine190.jpg
497	0	0	1	0	shine191.jpg
498	0	0	1	0	shine193.jpg
499	0	0	1	0	shine194.jpg
500	0	0	1	0	shine195.jpg
501	0	0	1	0	shine196.jpg
502	0	0	1	0	shine197.jpg
503	0	0	1	0	shine198.jpg
504	0	0	1	0	shine199.jpg
505	0	0	1	0	shine2.jpg
506	0	0	1	0	shine20.jpg
507	0	0	1	0	shine200.jpg
508	0	0	1	0	shine201.jpg
509	0	0	1	0	shine202.jpg
510	0	0	1	0	shine204.jpg
511	0	0	1	0	shine205.jpg
512	0	0	1	0	shine206.jpg
513	0	0	1	0	shine207.jpg
514	0	0	1	0	shine208.jpg
515	0	0	1	0	shine209.jpg
516	0	0	1	0	shine21.jpg
517	0	0	1	0	shine211.jpg
518	0	0	1	0	shine212.jpg
519	0	0	1	0	shine213.jpg
520	0	0	1	0	shine214.jpg
521	0	0	1	0	shine215.jpg
522	0	0	1	0	shine216.jpg
523	0	0	1	0	shine217.jpg
524	0	0	1	0	shine219.jpg
525	0	0	1	0	shine22.jpg
526	0	0	1	0	shine220.jpg
527	0	0	1	0	shine221.jpg
528	0	0	1	0	shine222.jpg
529	0	0	1	0	shine223.jpg
530	0	0	1	0	shine226.jpg
531	0	0	1	0	shine227.jpg
532	0	0	1	0	shine228.jpg
533	0	0	1	0	shine229.jpg
534	0	0	1	0	shine23.jpg
535	0	0	1	0	shine230.jpg
536	0	0	1	0	shine231.jpg
537	0	0	1	0	shine232.jpg
538	0	0	1	0	shine233.jpg
539	0	0	1	0	shine234.jpg
540	0	0	1	0	shine235.jpg
541	0	0	1	0	shine237.jpg
542	0	0	1	0	shine238.jpg
543	0	0	1	0	shine239.jpg
544	0	0	1	0	shine240.jpg
545	0	0	1	0	shine241.jpg
546	0	0	1	0	shine242.jpg
547	0	0	1	0	shine244.jpg
548	0	0	1	0	shine245.jpg
549	0	0	1	0	shine246.jpg
550	0	0	1	0	shine247.jpg
551	0	0	1	0	shine248.jpg
552	0	0	1	0	shine25.jpg
553	0	0	1	0	shine250.jpg
554	0	0	1	0	shine252.jpg
555	0	0	1	0	shine253.jpg
556	0	0	1	0	shine26.jpg
557	0	0	1	0	shine27.jpg
558	0	0	1	0	shine28.jpg
559	0	0	1	0	shine3.jpg
560	0	0	1	0	shine30.jpg
561	0	0	1	0	shine31.jpg
562	0	0	1	0	shine32.jpg
563	0	0	1	0	shine33.jpg
564	0	0	1	0	shine34.jpg
565	0	0	1	0	shine35.jpg
566	0	0	1	0	shine36.jpg
567	0	0	1	0	shine37.jpg
568	0	0	1	0	shine39.jpg
569	0	0	1	0	shine42.jpg
570	0	0	1	0	shine44.jpg
571	0	0	1	0	shine45.jpg
572	0	0	1	0	shine46.jpg
573	0	0	1	0	shine47.jpg
574	0	0	1	0	shine48.jpg
575	0	0	1	0	shine5.jpg
576	0	0	1	0	shine50.jpg
577	0	0	1	0	shine51.jpg
578	0	0	1	0	shine53.jpg
579	0	0	1	0	shine54.jpg
580	0	0	1	0	shine55.jpg
581	0	0	1	0	shine56.jpg
582	0	0	1	0	shine57.jpg
583	0	0	1	0	shine58.jpg
584	0	0	1	0	shine6.jpg
585	0	0	1	0	shine61.jpg
586	0	0	1	0	shine63.jpg
587	0	0	1	0	shine65.jpg
588	0	0	1	0	shine67.jpg
589	0	0	1	0	shine68.jpg
590	0	0	1	0	shine69.jpg
591	0	0	1	0	shine71.jpg
592	0	0	1	0	shine72.jpg
593	0	0	1	0	shine73.jpg
594	0	0	1	0	shine74.jpg
595	0	0	1	0	shine76.jpg
596	0	0	1	0	shine79.jpg
597	0	0	1	0	shine8.jpg
598	0	0	1	0	shine80.jpg
599	0	0	1	0	shine81.jpg
600	0	0	1	0	shine83.jpg
601	0	0	1	0	shine84.jpg
602	0	0	1	0	shine85.jpg
603	0	0	1	0	shine86.jpg
604	0	0	1	0	shine87.jpg
605	0	0	1	0	shine88.jpg
606	0	0	1	0	shine89.jpg
607	0	0	1	0	shine9.jpg
608	0	0	1	0	shine90.jpg
609	0	0	1	0	shine91.jpg
610	0	0	1	0	shine93.jpg
611	0	0	1	0	shine94.jpg
612	0	0	1	0	shine95.jpg
613	0	0	1	0	shine96.jpg
614	0	0	0	1	sunrise1.jpg
615	0	0	0	1	sunrise10.jpg
616	0	0	0	1	sunrise100.jpg
617	0	0	0	1	sunrise103.jpg
618	0	0	0	1	sunrise104.jpg
619	0	0	0	1	sunrise105.jpg
620	0	0	0	1	sunrise106.jpg
621	0	0	0	1	sunrise107.jpg
622	0	0	0	1	sunrise108.jpg
623	0	0	0	1	sunrise11.jpg
624	0	0	0	1	sunrise110.jpg
625	0	0	0	1	sunrise111.jpg
626	0	0	0	1	sunrise112.jpg
627	0	0	0	1	sunrise113.jpg
628	0	0	0	1	sunrise114.jpg
629	0	0	0	1	sunrise115.jpg
630	0	0	0	1	sunrise116.jpg
631	0	0	0	1	sunrise117.jpg
632	0	0	0	1	sunrise118.jpg
633	0	0	0	1	sunrise119.jpg
634	0	0	0	1	sunrise12.jpg
635	0	0	0	1	sunrise120.jpg
636	0	0	0	1	sunrise123.jpg
637	0	0	0	1	sunrise124.jpg
638	0	0	0	1	sunrise125.jpg
639	0	0	0	1	sunrise127.jpg
640	0	0	0	1	sunrise128.jpg
641	0	0	0	1	sunrise129.jpg
642	0	0	0	1	sunrise130.jpg
643	0	0	0	1	sunrise131.jpg
644	0	0	0	1	sunrise132.jpg
645	0	0	0	1	sunrise133.jpg
646	0	0	0	1	sunrise134.jpg
647	0	0	0	1	sunrise138.jpg
648	0	0	0	1	sunrise139.jpg
649	0	0	0	1	sunrise14.jpg
650	0	0	0	1	sunrise140.jpg
651	0	0	0	1	sunrise141.jpg
652	0	0	0	1	sunrise142.jpg
653	0	0	0	1	sunrise145.jpg
654	0	0	0	1	sunrise147.jpg
655	0	0	0	1	sunrise148.jpg
656	0	0	0	1	sunrise149.jpg
657	0	0	0	1	sunrise15.jpg
658	0	0	0	1	sunrise150.jpg
659	0	0	0	1	sunrise151.jpg
660	0	0	0	1	sunrise153.jpg
661	0	0	0	1	sunrise154.jpg
662	0	0	0	1	sunrise155.jpg
663	0	0	0	1	sunrise156.jpg
664	0	0	0	1	sunrise157.jpg
665	0	0	0	1	sunrise158.jpg
666	0	0	0	1	sunrise160.jpg
667	0	0	0	1	sunrise161.jpg
668	0	0	0	1	sunrise163.jpg
669	0	0	0	1	sunrise164.jpg
670	0	0	0	1	sunrise165.jpg
671	0	0	0	1	sunrise166.jpg
672	0	0	0	1	sunrise169.jpg
673	0	0	0	1	sunrise17.jpg
674	0	0	0	1	sunrise171.jpg
675	0	0	0	1	sunrise172.jpg
676	0	0	0	1	sunrise173.jpg
677	0	0	0	1	sunrise174.jpg
678	0	0	0	1	sunrise175.jpg
679	0	0	0	1	sunrise176.jpg
680	0	0	0	1	sunrise177.jpg
681	0	0	0	1	sunrise179.jpg
682	0	0	0	1	sunrise18.jpg
683	0	0	0	1	sunrise180.jpg
684	0	0	0	1	sunrise181.jpg
685	0	0	0	1	sunrise182.jpg
686	0	0	0	1	sunrise183.jpg
687	0	0	0	1	sunrise184.jpg
688	0	0	0	1	sunrise185.jpg
689	0	0	0	1	sunrise186.jpg
690	0	0	0	1	sunrise187.jpg
691	0	0	0	1	sunrise189.jpg
692	0	0	0	1	sunrise19.jpg
693	0	0	0	1	sunrise190.jpg
694	0	0	0	1	sunrise191.jpg
695	0	0	0	1	sunrise193.jpg
696	0	0	0	1	sunrise194.jpg
697	0	0	0	1	sunrise195.jpg
698	0	0	0	1	sunrise196.jpg
699	0	0	0	1	sunrise197.jpg
700	0	0	0	1	sunrise198.jpg
701	0	0	0	1	sunrise199.jpg
702	0	0	0	1	sunrise2.jpg
703	0	0	0	1	sunrise201.jpg
704	0	0	0	1	sunrise202.jpg
705	0	0	0	1	sunrise203.jpg
706	0	0	0	1	sunrise204.jpg
707	0	0	0	1	sunrise205.jpg
708	0	0	0	1	sunrise206.jpg
709	0	0	0	1	sunrise208.jpg
710	0	0	0	1	sunrise209.jpg
711	0	0	0	1	sunrise21.jpg
712	0	0	0	1	sunrise210.jpg
713	0	0	0	1	sunrise211.jpg
714	0	0	0	1	sunrise213.jpg
715	0	0	0	1	sunrise214.jpg
716	0	0	0	1	sunrise216.jpg
717	0	0	0	1	sunrise217.jpg
718	0	0	0	1	sunrise218.jpg
719	0	0	0	1	sunrise219.jpg
720	0	0	0	1	sunrise22.jpg
721	0	0	0	1	sunrise220.jpg
722	0	0	0	1	sunrise221.jpg
723	0	0	0	1	sunrise222.jpg
724	0	0	0	1	sunrise223.jpg
725	0	0	0	1	sunrise226.jpg
726	0	0	0	1	sunrise227.jpg
727	0	0	0	1	sunrise228.jpg
728	0	0	0	1	sunrise229.jpg
729	0	0	0	1	sunrise23.jpg
730	0	0	0	1	sunrise230.jpg
731	0	0	0	1	sunrise232.jpg
732	0	0	0	1	sunrise233.jpg
733	0	0	0	1	sunrise235.jpg
734	0	0	0	1	sunrise236.jpg
735	0	0	0	1	sunrise237.jpg
736	0	0	0	1	sunrise238.jpg
737	0	0	0	1	sunrise239.jpg
738	0	0	0	1	sunrise24.jpg
739	0	0	0	1	sunrise240.jpg
740	0	0	0	1	sunrise242.jpg
741	0	0	0	1	sunrise243.jpg
742	0	0	0	1	sunrise244.jpg
743	0	0	0	1	sunrise246.jpg
744	0	0	0	1	sunrise248.jpg
745	0	0	0	1	sunrise249.jpg
746	0	0	0	1	sunrise25.jpg
747	0	0	0	1	sunrise251.jpg
748	0	0	0	1	sunrise252.jpg
749	0	0	0	1	sunrise253.jpg
750	0	0	0	1	sunrise254.jpg
751	0	0	0	1	sunrise255.jpg
752	0	0	0	1	sunrise256.jpg
753	0	0	0	1	sunrise257.jpg
754	0	0	0	1	sunrise258.jpg
755	0	0	0	1	sunrise259.jpg
756	0	0	0	1	sunrise260.jpg
757	0	0	0	1	sunrise261.jpg
758	0	0	0	1	sunrise263.jpg
759	0	0	0	1	sunrise264.jpg
760	0	0	0	1	sunrise265.jpg
761	0	0	0	1	sunrise266.jpg
762	0	0	0	1	sunrise267.jpg
763	0	0	0	1	sunrise269.jpg
764	0	0	0	1	sunrise272.jpg
765	0	0	0	1	sunrise273.jpg
766	0	0	0	1	sunrise274.jpg
767	0	0	0	1	sunrise275.jpg
768	0	0	0	1	sunrise276.jpg
769	0	0	0	1	sunrise277.jpg
770	0	0	0	1	sunrise278.jpg
771	0	0	0	1	sunrise279.jpg
772	0	0	0	1	sunrise282.jpg
773	0	0	0	1	sunrise283.jpg
774	0	0	0	1	sunrise284.jpg
775	0	0	0	1	sunrise285.jpg
776	0	0	0	1	sunrise286.jpg
777	0	0	0	1	sunrise288.jpg
778	0	0	0	1	sunrise289.jpg
779	0	0	0	1	sunrise29.jpg
780	0	0	0	1	sunrise290.jpg
781	0	0	0	1	sunrise291.jpg
782	0	0	0	1	sunrise292.jpg
783	0	0	0	1	sunrise293.jpg
784	0	0	0	1	sunrise294.jpg
785	0	0	0	1	sunrise295.jpg
786	0	0	0	1	sunrise296.jpg
787	0	0	0	1	sunrise298.jpg
788	0	0	0	1	sunrise299.jpg
789	0	0	0	1	sunrise3.jpg
790	0	0	0	1	sunrise30.jpg
791	0	0	0	1	sunrise300.jpg
792	0	0	0	1	sunrise301.jpg
793	0	0	0	1	sunrise304.jpg
794	0	0	0	1	sunrise307.jpg
795	0	0	0	1	sunrise31.jpg
796	0	0	0	1	sunrise310.jpg
797	0	0	0	1	sunrise312.jpg
798	0	0	0	1	sunrise313.jpg
799	0	0	0	1	sunrise314.jpg
800	0	0	0	1	sunrise317.jpg
801	0	0	0	1	sunrise318.jpg
802	0	0	0	1	sunrise319.jpg
803	0	0	0	1	sunrise32.jpg
804	0	0	0	1	sunrise320.jpg
805	0	0	0	1	sunrise321.jpg
806	0	0	0	1	sunrise322.jpg
807	0	0	0	1	sunrise324.jpg
808	0	0	0	1	sunrise325.jpg
809	0	0	0	1	sunrise326.jpg
810	0	0	0	1	sunrise327.jpg
811	0	0	0	1	sunrise328.jpg
812	0	0	0	1	sunrise329.jpg
813	0	0	0	1	sunrise331.jpg
814	0	0	0	1	sunrise332.jpg
815	0	0	0	1	sunrise333.jpg
816	0	0	0	1	sunrise335.jpg
817	0	0	0	1	sunrise336.jpg
818	0	0	0	1	sunrise337.jpg
819	0	0	0	1	sunrise338.jpg
820	0	0	0	1	sunrise339.jpg
821	0	0	0	1	sunrise34.jpg
822	0	0	0	1	sunrise341.jpg
823	0	0	0	1	sunrise342.jpg
824	0	0	0	1	sunrise343.jpg
825	0	0	0	1	sunrise344.jpg
826	0	0	0	1	sunrise345.jpg
827	0	0	0	1	sunrise346.jpg
828	0	0	0	1	sunrise347.jpg
829	0	0	0	1	sunrise35.jpg
830	0	0	0	1	sunrise350.jpg
831	0	0	0	1	sunrise351.jpg
832	0	0	0	1	sunrise353.jpg
833	0	0	0	1	sunrise354.jpg
834	0	0	0	1	sunrise355.jpg
835	0	0	0	1	sunrise356.jpg
836	0	0	0	1	sunrise357.jpg
837	0	0	0	1	sunrise36.jpg
838	0	0	0	1	sunrise37.jpg
839	0	0	0	1	sunrise38.jpg
840	0	0	0	1	sunrise39.jpg
841	0	0	0	1	sunrise4.jpg
842	0	0	0	1	sunrise40.jpg
843	0	0	0	1	sunrise41.jpg
844	0	0	0	1	sunrise42.jpg
845	0	0	0	1	sunrise44.jpg
846	0	0	0	1	sunrise45.jpg
847	0	0	0	1	sunrise46.jpg
848	0	0	0	1	sunrise47.jpg
849	0	0	0	1	sunrise48.jpg
850	0	0	0	1	sunrise49.jpg
851	0	0	0	1	sunrise50.jpg
852	0	0	0	1	sunrise51.jpg
853	0	0	0	1	sunrise52.jpg
854	0	0	0	1	sunrise53.jpg
855	0	0	0	1	sunrise54.jpg
856	0	0	0	1	sunrise55.jpg
857	0	0	0	1	sunrise56.jpg
858	0	0	0	1	sunrise57.jpg
859	0	0	0	1	sunrise58.jpg
860	0	0	0	1	sunrise60.jpg
861	0	0	0	1	sunrise61.jpg
862	0	0	0	1	sunrise65.jpg
863	0	0	0	1	sunrise66.jpg
864	0	0	0	1	sunrise67.jpg
865	0	0	0	1	sunrise68.jpg
866	0	0	0	1	sunrise7.jpg
867	0	0	0	1	sunrise70.jpg
868	0	0	0	1	sunrise71.jpg
869	0	0	0	1	sunrise72.jpg
870	0	0	0	1	sunrise73.jpg
871	0	0	0	1	sunrise74.jpg
872	0	0	0	1	sunrise75.jpg
873	0	0	0	1	sunrise76.jpg
874	0	0	0	1	sunrise78.jpg
875	0	0	0	1	sunrise79.jpg
876	0	0	0	1	sunrise8.jpg
877	0	0	0	1	sunrise80.jpg
878	0	0	0	1	sunrise81.jpg
879	0	0	0	1	sunrise82.jpg
880	0	0	0	1	sunrise83.jpg
881	0	0	0	1	sunrise84.jpg
882	0	0	0	1	sunrise85.jpg
883	0	0	0	1	sunrise87.jpg
884	0	0	0	1	sunrise88.jpg
885	0	0	0	1	sunrise9.jpg
886	0	0	0	1	sunrise90.jpg
887	0	0	0	1	sunrise91.jpg
888	0	0	0	1	sunrise93.jpg
889	0	0	0	1	sunrise94.jpg
890	0	0	0	1	sunrise95.jpg
891	0	0	0	1	sunrise96.jpg
892	0	0	0	1	sunrise97.jpg
893	0	0	0	1	sunrise99.jpg
